<?xml version="1.0" encoding="UTF-8"?>
<!-- Generated by org.testng.reporters.JUnitXMLReporter -->
<testsuite ignored="0" hostname="LAPTOP-JKMG9J6B" failures="0" tests="2" name="Default test" time="0.069" errors="0" timestamp="2020-12-21T13:45:47 EST">
  <testcase classname="testNG.BeforeAndAfterMethodExamples" name="@BeforeTest verifyHomeTitlePage" time="0.007">
    <failure type="java.lang.NullPointerException" message="Cannot invoke &amp;quot;org.openqa.selenium.WebDriver.getTitle()&amp;quot; because &amp;quot;this.driver&amp;quot; is null">
      <![CDATA[java.lang.NullPointerException: Cannot invoke "org.openqa.selenium.WebDriver.getTitle()" because "this.driver" is null
at testNG.BeforeAndAfterMethodExamples.verifyHomeTitlePage(BeforeAndAfterMethodExamples.java:30)
at java.base/jdk.internal.reflect.NativeMethodAccessorImpl.invoke0(Native Method)
at java.base/jdk.internal.reflect.NativeMethodAccessorImpl.invoke(NativeMethodAccessorImpl.java:62)
at java.base/jdk.internal.reflect.DelegatingMethodAccessorImpl.invoke(DelegatingMethodAccessorImpl.java:43)
at java.base/java.lang.reflect.Method.invoke(Method.java:564)
at org.testng.internal.MethodInvocationHelper.invokeMethod(MethodInvocationHelper.java:132)
at org.testng.internal.MethodInvocationHelper.invokeMethodConsideringTimeout(MethodInvocationHelper.java:61)
at org.testng.internal.ConfigInvoker.invokeConfigurationMethod(ConfigInvoker.java:366)
at org.testng.internal.ConfigInvoker.invokeConfigurations(ConfigInvoker.java:320)
at org.testng.TestRunner.invokeTestConfigurations(TestRunner.java:617)
at org.testng.TestRunner.beforeRun(TestRunner.java:607)
at org.testng.TestRunner.run(TestRunner.java:578)
at org.testng.SuiteRunner.runTest(SuiteRunner.java:384)
at org.testng.SuiteRunner.runSequentially(SuiteRunner.java:378)
at org.testng.SuiteRunner.privateRun(SuiteRunner.java:337)
at org.testng.SuiteRunner.run(SuiteRunner.java:286)
at org.testng.SuiteRunnerWorker.runSuite(SuiteRunnerWorker.java:53)
at org.testng.SuiteRunnerWorker.run(SuiteRunnerWorker.java:96)
at org.testng.TestNG.runSuitesSequentially(TestNG.java:1218)
at org.testng.TestNG.runSuitesLocally(TestNG.java:1140)
at org.testng.TestNG.runSuites(TestNG.java:1069)
at org.testng.TestNG.run(TestNG.java:1037)
at org.testng.remote.AbstractRemoteTestNG.run(AbstractRemoteTestNG.java:115)
at org.testng.remote.RemoteTestNG.initAndRun(RemoteTestNG.java:251)
at org.testng.remote.RemoteTestNG.main(RemoteTestNG.java:77)
]]>
    </failure>
  </testcase> <!-- @BeforeTest verifyHomeTitlePage -->
  <testcase classname="testNG.BeforeAndAfterMethodExamples" name="@BeforeMethod launchBrowser" time="-1.608576347278E9">
    <skipped/>
  </testcase> <!-- @BeforeMethod launchBrowser -->
  <testcase classname="testNG.BeforeAndAfterMethodExamples" name="@AfterMethod goBackToHomePage" time="-1.608576347287E9">
    <skipped/>
  </testcase> <!-- @AfterMethod goBackToHomePage -->
  <testcase classname="testNG.BeforeAndAfterMethodExamples" name="@BeforeMethod launchBrowser" time="-1.608576347291E9">
    <skipped/>
  </testcase> <!-- @BeforeMethod launchBrowser -->
  <testcase classname="testNG.BeforeAndAfterMethodExamples" name="@AfterMethod goBackToHomePage" time="-1.608576347296E9">
    <skipped/>
  </testcase> <!-- @AfterMethod goBackToHomePage -->
  <testcase classname="testNG.BeforeAndAfterMethodExamples" name="@AfterTest closeTheBrowser" time="-1.608576347298E9">
    <skipped/>
  </testcase> <!-- @AfterTest closeTheBrowser -->
  <testcase classname="testNG.BeforeAndAfterMethodExamples" name="register" time="0.0">
    <skipped/>
  </testcase> <!-- register -->
  <testcase classname="testNG.BeforeAndAfterMethodExamples" name="support" time="0.0">
    <skipped/>
  </testcase> <!-- support -->
</testsuite> <!-- Default test -->
